0 info it worked if it ends with ok
1 verbose cli [ 'node', '/usr/local/bin/npm', 'install', '--save', 'lodash' ]
2 info using npm@1.4.28
3 info using node@v0.10.32
4 warn package.json title-parser@1.0.0 No repository field.
5 warn package.json title-parser@1.0.0 No README data
6 verbose readDependencies using package.json deps
7 verbose cache add [ 'lodash', null ]
8 verbose cache add name=undefined spec="lodash" args=["lodash",null]
9 verbose parsed url { protocol: null,
9 verbose parsed url   slashes: null,
9 verbose parsed url   auth: null,
9 verbose parsed url   host: null,
9 verbose parsed url   port: null,
9 verbose parsed url   hostname: null,
9 verbose parsed url   hash: null,
9 verbose parsed url   search: null,
9 verbose parsed url   query: null,
9 verbose parsed url   pathname: 'lodash',
9 verbose parsed url   path: 'lodash',
9 verbose parsed url   href: 'lodash' }
10 silly lockFile 901466a5-lodash lodash
11 verbose lock lodash /Users/kegoo/.npm/901466a5-lodash.lock
12 silly lockFile 901466a5-lodash lodash
13 silly lockFile 901466a5-lodash lodash
14 verbose addNamed [ 'lodash', '' ]
15 verbose addNamed [ null, '*' ]
16 silly lockFile f856e425-lodash lodash@
17 verbose lock lodash@ /Users/kegoo/.npm/f856e425-lodash.lock
18 silly addNameRange { name: 'lodash', range: '*', hasData: false }
19 verbose request where is /lodash
20 verbose request registry https://registry.npmjs.org/
21 verbose request id 4ca0a14bb52dafed
22 verbose url raw /lodash
23 verbose url resolving [ 'https://registry.npmjs.org/', './lodash' ]
24 verbose url resolved https://registry.npmjs.org/lodash
25 verbose request where is https://registry.npmjs.org/lodash
26 info trying registry request attempt 1 at 16:59:32
27 verbose etag "C8XTU90ERYRI0S7SQODF6PAM4"
28 http GET https://registry.npmjs.org/lodash
29 http 304 https://registry.npmjs.org/lodash
30 silly registry.get cb [ 304,
30 silly registry.get   { date: 'Fri, 20 Feb 2015 00:59:34 GMT',
30 silly registry.get     server: 'Apache',
30 silly registry.get     via: '1.1 varnish',
30 silly registry.get     'last-modified': 'Fri, 20 Feb 2015 00:59:05 GMT',
30 silly registry.get     'cache-control': 'max-age=60',
30 silly registry.get     etag: '"C8XTU90ERYRI0S7SQODF6PAM4"',
30 silly registry.get     age: '48',
30 silly registry.get     'x-served-by': 'cache-sjc3133-SJC',
30 silly registry.get     'x-cache': 'HIT',
30 silly registry.get     'x-cache-hits': '5',
30 silly registry.get     'x-timer': 'S1424393974.810765,VS0,VE0',
30 silly registry.get     vary: 'Accept',
30 silly registry.get     'content-length': '0',
30 silly registry.get     'keep-alive': 'timeout=10, max=50',
30 silly registry.get     connection: 'Keep-Alive' } ]
31 verbose etag https://registry.npmjs.org/lodash from cache
32 silly addNameRange number 2 { name: 'lodash', range: '*', hasData: true }
33 silly addNameRange versions [ 'lodash',
33 silly addNameRange   [ '0.1.0',
33 silly addNameRange     '0.2.0',
33 silly addNameRange     '0.2.1',
33 silly addNameRange     '0.2.2',
33 silly addNameRange     '0.3.0',
33 silly addNameRange     '0.3.1',
33 silly addNameRange     '0.3.2',
33 silly addNameRange     '0.4.0',
33 silly addNameRange     '0.4.1',
33 silly addNameRange     '0.4.2',
33 silly addNameRange     '0.5.0-rc.1',
33 silly addNameRange     '0.5.0',
33 silly addNameRange     '0.5.1',
33 silly addNameRange     '0.5.2',
33 silly addNameRange     '0.6.0',
33 silly addNameRange     '0.6.1',
33 silly addNameRange     '0.7.0',
33 silly addNameRange     '0.8.0',
33 silly addNameRange     '0.8.1',
33 silly addNameRange     '0.8.2',
33 silly addNameRange     '0.9.0',
33 silly addNameRange     '0.9.1',
33 silly addNameRange     '0.9.2',
33 silly addNameRange     '0.10.0',
33 silly addNameRange     '1.0.0-rc.1',
33 silly addNameRange     '1.0.0-rc.2',
33 silly addNameRange     '1.0.0-rc.3',
33 silly addNameRange     '1.0.0',
33 silly addNameRange     '1.0.1',
33 silly addNameRange     '1.1.0',
33 silly addNameRange     '1.1.1',
33 silly addNameRange     '1.2.0',
33 silly addNameRange     '1.2.1',
33 silly addNameRange     '1.3.0',
33 silly addNameRange     '1.3.1',
33 silly addNameRange     '2.0.0',
33 silly addNameRange     '2.1.0',
33 silly addNameRange     '2.2.0',
33 silly addNameRange     '2.2.1',
33 silly addNameRange     '2.3.0',
33 silly addNameRange     '2.4.0',
33 silly addNameRange     '2.4.1',
33 silly addNameRange     '3.0.0',
33 silly addNameRange     '3.0.1',
33 silly addNameRange     '3.1.0',
33 silly addNameRange     '3.2.0' ] ]
34 verbose addNamed [ 'lodash', '3.2.0' ]
35 verbose addNamed [ '3.2.0', '3.2.0' ]
36 silly lockFile 72114675-lodash-3-2-0 lodash@3.2.0
37 verbose lock lodash@3.2.0 /Users/kegoo/.npm/72114675-lodash-3-2-0.lock
38 silly lockFile acaf3cb2-pmjs-org-lodash-lodash-3-2-0-tgz https://registry.npmjs.org/lodash/-/lodash-3.2.0.tgz
39 verbose lock https://registry.npmjs.org/lodash/-/lodash-3.2.0.tgz /Users/kegoo/.npm/acaf3cb2-pmjs-org-lodash-lodash-3-2-0-tgz.lock
40 verbose addRemoteTarball [ 'https://registry.npmjs.org/lodash/-/lodash-3.2.0.tgz',
40 verbose addRemoteTarball   '4bf50a3243f9aeb0bac41a55d3d5990675a462fb' ]
41 info retry fetch attempt 1 at 16:59:35
42 verbose fetch to= /var/folders/zt/xztyhfxn36v1d2q3rhm94x_nzbqzbt/T/npm-10408-J0PYudMs/registry.npmjs.org/lodash/-/lodash-3.2.0.tgz
43 http GET https://registry.npmjs.org/lodash/-/lodash-3.2.0.tgz
44 http 200 https://registry.npmjs.org/lodash/-/lodash-3.2.0.tgz
45 silly lockFile acaf3cb2-pmjs-org-lodash-lodash-3-2-0-tgz https://registry.npmjs.org/lodash/-/lodash-3.2.0.tgz
46 silly lockFile acaf3cb2-pmjs-org-lodash-lodash-3-2-0-tgz https://registry.npmjs.org/lodash/-/lodash-3.2.0.tgz
47 silly lockFile 72114675-lodash-3-2-0 lodash@3.2.0
48 silly lockFile 72114675-lodash-3-2-0 lodash@3.2.0
49 silly lockFile f856e425-lodash lodash@
50 silly lockFile f856e425-lodash lodash@
51 error Error: EACCES, mkdir '/Users/kegoo/.npm/lodash/3.2.0'
51 error  { [Error: EACCES, mkdir '/Users/kegoo/.npm/lodash/3.2.0']
51 error   errno: 3,
51 error   code: 'EACCES',
51 error   path: '/Users/kegoo/.npm/lodash/3.2.0',
51 error   parent: 'title-parser' }
52 error Please try running this command again as root/Administrator.
53 error System Darwin 13.4.0
54 error command "node" "/usr/local/bin/npm" "install" "--save" "lodash"
55 error cwd /Users/kegoo/Code/title-parser
56 error node -v v0.10.32
57 error npm -v 1.4.28
58 error path /Users/kegoo/.npm/lodash/3.2.0
59 error code EACCES
60 error errno 3
61 error stack Error: EACCES, mkdir '/Users/kegoo/.npm/lodash/3.2.0'
62 verbose exit [ 3, true ]
